\BOOKMARK [0][-]{chapter*.2}{\376\377\000L\000i\000s\000t\000\040\000o\000f\000\040\000F\000i\000g\000u\000r\000e\000s}{}% 1
\BOOKMARK [0][-]{chapter*.3}{\376\377\000L\000i\000s\000t\000\040\000o\000f\000\040\000T\000a\000b\000l\000e\000s}{}% 2
\BOOKMARK [-1][-]{part.1}{\376\377\000I\000\040\000E\000x\000t\000r\000e\000m\000e\000\040\000P\000r\000e\000s\000s\000u\000r\000e}{}% 3
\BOOKMARK [0][-]{chapter.1}{\376\377\000M\000a\000t\000e\000r\000i\000a\000l\000s\000,\000\040\000M\000o\000l\000e\000c\000u\000l\000e\000s\000\040\000a\000n\000d\000\040\000C\000h\000e\000m\000i\000s\000t\000r\000y}{part.1}% 4
\BOOKMARK [1][-]{section.1.1}{\376\377\000I\000n\000t\000r\000o\000d\000u\000c\000t\000i\000o\000n}{chapter.1}% 5
\BOOKMARK [2][-]{subsection.1.1.1}{\376\377\000C\000o\000m\000p\000e\000l\000x\000i\000t\000y\000\040\000o\000f\000\040\000t\000h\000e\000\040\000p\000r\000o\000b\000l\000e\000m\000\040\000a\000t\000\040\000d\000i\000f\000f\000e\000r\000e\000n\000t\000\040\000l\000e\000n\000g\000t\000h\000\040\000s\000c\000a\000l\000e\000s}{section.1.1}% 6
\BOOKMARK [2][-]{subsection.1.1.2}{\376\377\000W\000h\000y\000\040\000f\000o\000c\000u\000s\000\040\000o\000n\000\040\000s\000m\000a\000l\000l\000\040\000s\000c\000a\000l\000e\000s\000?}{section.1.1}% 7
\BOOKMARK [1][-]{section.1.2}{\376\377\000C\000a\000t\000e\000g\000o\000r\000i\000s\000a\000t\000i\000o\000n\000\040\000o\000f\000\040\000m\000a\000t\000t\000e\000r}{chapter.1}% 8
\BOOKMARK [1][-]{section.1.3}{\376\377\000A\000t\000o\000m\000i\000s\000t\000i\000c\000\040\000v\000i\000e\000w\000\040\000o\000f\000\040\000m\000a\000t\000t\000e\000r}{chapter.1}% 9
\BOOKMARK [2][-]{subsection.1.3.1}{\376\377\000B\000u\000l\000k\000\040\000c\000h\000a\000r\000a\000c\000t\000e\000r\000i\000s\000t\000i\000c\000\040\000o\000f\000\040\000m\000a\000t\000e\000r\000i\000a\000l\000s}{section.1.3}% 10
\BOOKMARK [2][-]{subsection.1.3.2}{\376\377\000N\000e\000w\000t\000o\000n\000i\000a\000n\000\040\000m\000o\000d\000e\000l\000\040\000o\000f\000\040\000m\000a\000t\000t\000e\000r}{section.1.3}% 11
\BOOKMARK [2][-]{subsection.1.3.3}{\376\377\000V\000i\000b\000r\000a\000t\000i\000o\000n\000a\000l\000\040\000m\000o\000d\000e\000s\000\040\000a\000n\000d\000\040\000e\000n\000e\000r\000g\000y}{section.1.3}% 12
\BOOKMARK [2][-]{subsection.1.3.4}{\376\377\000M\000o\000l\000e\000c\000u\000l\000a\000r\000\040\000d\000e\000s\000c\000r\000i\000p\000t\000i\000o\000n\000\040\000o\000f\000\040\000m\000a\000t\000e\000r\000i\000a\000l\000\040\000p\000r\000o\000p\000e\000r\000t\000i\000e\000s}{section.1.3}% 13
\BOOKMARK [2][-]{subsection.1.3.5}{\376\377\000M\000a\000t\000e\000r\000i\000a\000l\000\040\000c\000l\000a\000s\000s\000i\000f\000i\000c\000a\000t\000i\000o\000n}{section.1.3}% 14
\BOOKMARK [1][-]{section.1.4}{\376\377\000K\000i\000n\000e\000t\000i\000c\000\040\000t\000h\000e\000o\000r\000y\000\040\000o\000f\000\040\000g\000a\000s\000e\000s}{chapter.1}% 15
\BOOKMARK [2][-]{subsection.1.4.1}{\376\377\000S\000p\000e\000e\000d\000\040\000o\000f\000\040\000m\000o\000l\000e\000c\000u\000l\000e\000s}{section.1.4}% 16
\BOOKMARK [2][-]{subsection.1.4.2}{\376\377\000E\000q\000u\000a\000t\000i\000o\000n\000s\000\040\000o\000f\000\040\000s\000t\000a\000t\000e\000\040\000o\000f\000\040\000r\000e\000a\000l\000\040\000g\000a\000s\000e\000s}{section.1.4}% 17
\BOOKMARK [1][-]{section.1.5}{\376\377\000C\000h\000e\000m\000i\000s\000t\000r\000y\000\040\000f\000o\000r\000\040\000e\000n\000g\000i\000n\000e\000e\000r\000s}{chapter.1}% 18
\BOOKMARK [-1][-]{part.2}{\376\377\000I\000I\000\040\000E\000x\000t\000r\000e\000m\000e\000\040\000T\000e\000m\000p\000e\000r\000a\000t\000u\000r\000e}{}% 19
\BOOKMARK [0][-]{chapter.2}{\376\377\000H\000o\000w\000\040\000t\000o\000\040\000C\000o\000o\000l\000\040\000V\000e\000r\000y\000\040\000H\000o\000t\000\040\000S\000u\000r\000f\000a\000c\000e\000s}{part.2}% 20
\BOOKMARK [1][-]{section.2.1}{\376\377\000I\000n\000t\000r\000o\000d\000u\000c\000t\000i\000o\000n}{chapter.2}% 21
\BOOKMARK [1][-]{section.2.2}{\376\377\000J\000e\000t\000\040\000e\000n\000g\000i\000n\000e\000s}{chapter.2}% 22
\BOOKMARK [2][-]{subsection.2.2.1}{\376\377\000B\000r\000a\000y\000t\000o\000n\000\040\000\050\000o\000r\000\040\000J\000o\000u\000l\000e\000\051\000\040\000c\000y\000c\000l\000e}{section.2.2}% 23
\BOOKMARK [2][-]{subsection.2.2.2}{\376\377\000T\000y\000p\000i\000c\000a\000l\000\040\000v\000a\000l\000u\000e\000s}{section.2.2}% 24
\BOOKMARK [2][-]{subsection.2.2.3}{\376\377\000M\000a\000t\000e\000r\000i\000a\000l\000\040\000s\000e\000l\000e\000c\000t\000i\000o\000n}{section.2.2}% 25
\BOOKMARK [2][-]{subsection.2.2.4}{\376\377\000M\000a\000n\000u\000f\000a\000c\000t\000u\000r\000i\000n\000g\000\040\000p\000r\000o\000c\000e\000s\000s}{section.2.2}% 26
\BOOKMARK [2][-]{subsection.2.2.5}{\376\377\000T\000h\000e\000r\000m\000a\000l\000\040\000b\000a\000r\000r\000i\000e\000r\000\040\000c\000o\000a\000t\000i\000n\000g}{section.2.2}% 27
\BOOKMARK [2][-]{subsection.2.2.6}{\376\377\000C\000o\000r\000r\000o\000s\000i\000o\000n\000\040\000p\000r\000o\000c\000e\000s\000s\000e\000s}{section.2.2}% 28
\BOOKMARK [2][-]{subsection.2.2.7}{\376\377\000C\000o\000o\000l\000i\000n\000g\000\040\000t\000h\000r\000o\000u\000g\000h\000\040\000d\000e\000s\000i\000g\000n}{section.2.2}% 29
\BOOKMARK [1][-]{section.2.3}{\376\377\000A\000t\000m\000o\000s\000p\000h\000e\000r\000i\000c\000\040\000r\000e\000-\000e\000n\000t\000r\000y\000\040\000o\000b\000j\000e\000c\000t\000s}{chapter.2}% 30
\BOOKMARK [2][-]{subsection.2.3.1}{\376\377\000I\000d\000e\000a\000l\000i\000s\000e\000d\000\040\000r\000e\000-\000e\000n\000t\000r\000y\000\040\000p\000a\000t\000h}{section.2.3}% 31
\BOOKMARK [2][-]{subsection.2.3.2}{\376\377\000B\000l\000u\000n\000t\000\040\000b\000o\000d\000y\000\040\000e\000n\000t\000r\000y\000\040\000v\000e\000h\000i\000c\000l\000e\000s}{section.2.3}% 32
\BOOKMARK [2][-]{subsection.2.3.3}{\376\377\000S\000h\000o\000c\000k\000\040\000l\000a\000y\000e\000r\000\040\000p\000h\000y\000s\000i\000c\000s}{section.2.3}% 33
\BOOKMARK [2][-]{subsection.2.3.4}{\376\377\000D\000i\000f\000f\000e\000r\000e\000n\000t\000\040\000t\000y\000p\000e\000s\000\040\000o\000f\000\040\000c\000o\000a\000t\000i\000n\000g\000s}{section.2.3}% 34
\BOOKMARK [2][-]{subsection.2.3.5}{\376\377\000T\000h\000e\000r\000m\000a\000l\000\040\000s\000o\000a\000k}{section.2.3}% 35
\BOOKMARK [2][-]{subsection.2.3.6}{\376\377\000C\000o\000o\000l\000i\000n\000g\000\040\000m\000e\000t\000h\000o\000d\000s}{section.2.3}% 36
\BOOKMARK [1][-]{section.2.4}{\376\377\000C\000o\000n\000c\000l\000u\000s\000i\000o\000n\000s}{chapter.2}% 37
\BOOKMARK [0][-]{chapter.3}{\376\377\000L\000a\000r\000g\000e\000\040\000S\000p\000a\000t\000i\000a\000l\000\040\000a\000n\000d\000\040\000T\000e\000m\000p\000o\000r\000a\000l\000\040\000V\000a\000r\000i\000a\000t\000i\000o\000n\000s\000\040\000o\000f\000\040\000T\000e\000m\000p\000e\000r\000a\000t\000u\000r\000e}{part.2}% 38
\BOOKMARK [1][-]{section.3.1}{\376\377\000I\000n\000t\000r\000o\000d\000u\000c\000t\000i\000o\000n}{chapter.3}% 39
\BOOKMARK [1][-]{section.3.2}{\376\377\000P\000r\000a\000c\000t\000i\000c\000a\000l\000\040\000a\000p\000p\000l\000i\000c\000a\000t\000i\000o\000n\000\040\000o\000f\000\040\000h\000e\000a\000t\000\040\000t\000o\000\040\000a\000\040\000m\000a\000t\000e\000r\000i\000a\000l}{chapter.3}% 40
\BOOKMARK [2][-]{subsection.3.2.1}{\376\377\000W\000e\000l\000d\000i\000n\000g}{section.3.2}% 41
\BOOKMARK [2][-]{subsection.3.2.2}{\376\377\000F\000r\000i\000c\000t\000i\000o\000n\000\040\000w\000e\000l\000d\000i\000n\000g}{section.3.2}% 42
\BOOKMARK [2][-]{subsection.3.2.3}{\376\377\000R\000a\000d\000i\000a\000t\000i\000o\000n\000\040\000h\000e\000a\000t\000i\000n\000g}{section.3.2}% 43
\BOOKMARK [2][-]{subsection.3.2.4}{\376\377\000L\000a\000s\000e\000r\000\040\000h\000e\000a\000t\000i\000n\000g}{section.3.2}% 44
\BOOKMARK [1][-]{section.3.3}{\376\377\000S\000t\000r\000u\000c\000t\000u\000r\000a\000l\000\040\000c\000h\000a\000n\000g\000e\000s\000\040\000i\000n\000\040\000t\000h\000e\000\040\000m\000a\000t\000t\000e\000r}{chapter.3}% 45
\BOOKMARK [2][-]{subsection.3.3.1}{\376\377\000M\000i\000c\000r\000o\000s\000t\000r\000u\000c\000t\000u\000r\000a\000l\000\040\000c\000h\000a\000n\000g\000e\000s}{section.3.3}% 46
\BOOKMARK [2][-]{subsection.3.3.2}{\376\377\000M\000a\000c\000r\000o\000s\000c\000o\000p\000i\000c\000\040\000c\000h\000a\000n\000g\000e\000s}{section.3.3}% 47
\BOOKMARK [1][-]{section.3.4}{\376\377\000S\000o\000l\000d\000e\000r\000i\000n\000g\000,\000\040\000b\000r\000a\000z\000i\000n\000g\000,\000\040\000w\000e\000l\000d\000i\000n\000g}{chapter.3}% 48
\BOOKMARK [1][-]{section.3.5}{\376\377\000R\000a\000p\000i\000d\000\040\000c\000h\000a\000n\000g\000e\000s\000\040\000i\000n\000\040\000t\000e\000m\000p\000e\000r\000a\000t\000u\000r\000e}{chapter.3}% 49
\BOOKMARK [2][-]{subsection.3.5.1}{\376\377\000T\000h\000e\000r\000m\000a\000l\000\040\000s\000h\000o\000c\000k}{section.3.5}% 50
\BOOKMARK [2][-]{subsection.3.5.2}{\376\377\000S\000t\000r\000e\000s\000s\000\040\000c\000r\000i\000t\000e\000r\000i\000o\000n}{section.3.5}% 51
\BOOKMARK [2][-]{subsection.3.5.3}{\376\377\000S\000t\000r\000a\000i\000n\000\040\000c\000r\000i\000t\000e\000r\000i\000o\000n}{section.3.5}% 52
\BOOKMARK [2][-]{subsection.3.5.4}{\376\377\000F\000r\000a\000c\000t\000i\000o\000n\000\040\000c\000r\000i\000t\000e\000r\000i\000o\000n}{section.3.5}% 53
\BOOKMARK [2][-]{subsection.3.5.5}{\376\377\000M\000a\000t\000e\000r\000i\000a\000l\000\040\000s\000e\000l\000e\000c\000t\000i\000o\000n}{section.3.5}% 54
\BOOKMARK [1][-]{section.3.6}{\376\377\000C\000o\000n\000c\000l\000u\000s\000i\000o\000n\000s}{chapter.3}% 55
\BOOKMARK [0][-]{chapter.4}{\376\377\000L\000o\000w\000\040\000T\000e\000m\000p\000e\000r\000a\000t\000u\000r\000e\000\040\000E\000n\000v\000i\000r\000o\000n\000m\000e\000n\000t\000s}{part.2}% 56
\BOOKMARK [1][-]{section.4.1}{\376\377\000I\000n\000t\000r\000o\000d\000u\000c\000t\000i\000o\000n}{chapter.4}% 57
\BOOKMARK [1][-]{section.4.2}{\376\377\000E\000n\000g\000i\000n\000e\000e\000r\000i\000n\000g\000\040\000a\000p\000p\000l\000i\000c\000a\000t\000i\000o\000n\000s}{chapter.4}% 58
\BOOKMARK [2][-]{subsection.4.2.1}{\376\377\000L\000N\000G\000\040\000-\000\040\000l\000i\000q\000u\000e\000f\000i\000e\000d\000\040\000n\000a\000t\000u\000r\000a\000l\000\040\000g\000a\000s}{section.4.2}% 59
\BOOKMARK [2][-]{subsection.4.2.2}{\376\377\000C\000r\000y\000o\000g\000e\000n\000i\000c\000\040\000t\000r\000a\000n\000s\000p\000o\000r\000t}{section.4.2}% 60
\BOOKMARK [1][-]{section.4.3}{\376\377\000T\000h\000e\000r\000m\000a\000l\000\040\000b\000o\000w\000i\000n\000g}{chapter.4}% 61
\BOOKMARK [1][-]{section.4.4}{\376\377\000P\000h\000a\000s\000e\000\040\000c\000h\000a\000n\000g\000e\000\040\000t\000r\000a\000n\000s\000i\000t\000i\000o\000n}{chapter.4}% 62
\BOOKMARK [1][-]{section.4.5}{\376\377\000L\000N\000G\000\040\000t\000r\000a\000n\000s\000p\000o\000r\000t}{chapter.4}% 63
\BOOKMARK [1][-]{section.4.6}{\376\377\000S\000u\000b\000\040\0004\000K\000\040\000r\000e\000f\000r\000i\000g\000e\000r\000a\000t\000i\000o\000n\000\040\000s\000y\000s\000t\000e\000m}{chapter.4}% 64
\BOOKMARK [-1][-]{part.3}{\376\377\000I\000I\000I\000\040\000E\000x\000t\000r\000e\000m\000e\000\040\000C\000o\000r\000r\000o\000s\000i\000o\000n}{}% 65
\BOOKMARK [0][-]{chapter.5}{\376\377\000C\000o\000r\000r\000o\000s\000i\000o\000n\000\040\000C\000l\000a\000s\000s\000i\000f\000i\000c\000a\000t\000i\000o\000n}{part.3}% 66
\BOOKMARK [1][-]{section.5.1}{\376\377\000E\000x\000t\000r\000e\000m\000e\000\040\000e\000n\000v\000i\000r\000o\000n\000m\000e\000n\000t\000s}{chapter.5}% 67
\BOOKMARK [1][-]{section.5.2}{\376\377\000C\000o\000r\000r\000o\000s\000i\000o\000n}{chapter.5}% 68
\BOOKMARK [2][-]{subsection.5.2.1}{\376\377\000C\000o\000r\000r\000o\000s\000i\000o\000n\000\040\000i\000s\000\040\000s\000i\000m\000i\000l\000a\000r\000\040\000t\000o\000\040\000a\000\040\000b\000a\000t\000t\000e\000r\000y}{section.5.2}% 69
\BOOKMARK [2][-]{subsection.5.2.2}{\376\377\000E\000l\000e\000c\000t\000r\000o\000d\000e\000\040\000p\000o\000t\000e\000n\000t\000i\000a\000l\000s}{section.5.2}% 70
\BOOKMARK [2][-]{subsection.5.2.3}{\376\377\000S\000a\000l\000t\000\040\000b\000r\000i\000d\000g\000e}{section.5.2}% 71
\BOOKMARK [2][-]{subsection.5.2.4}{\376\377\000E\000l\000e\000c\000t\000r\000o\000c\000h\000e\000m\000i\000c\000a\000l\000\040\000c\000o\000n\000s\000i\000d\000e\000r\000a\000t\000i\000o\000n\000s}{section.5.2}% 72
\BOOKMARK [2][-]{subsection.5.2.5}{\376\377\000G\000a\000l\000v\000a\000n\000i\000c\000\040\000c\000o\000u\000p\000l\000e}{section.5.2}% 73
\BOOKMARK [1][-]{section.5.3}{\376\377\000S\000t\000a\000n\000d\000a\000r\000d\000\040\000h\000y\000d\000r\000o\000g\000e\000n\000\040\000r\000e\000f\000e\000r\000e\000n\000c\000e\000\040\000p\000r\000o\000b\000e}{chapter.5}% 74
\BOOKMARK [2][-]{subsection.5.3.1}{\376\377\000S\000t\000a\000n\000d\000a\000r\000d\000\040\000e\000m\000f\000\040\000s\000e\000r\000i\000e\000s}{section.5.3}% 75
\BOOKMARK [1][-]{section.5.4}{\376\377\000C\000l\000a\000s\000s\000i\000f\000i\000c\000a\000t\000i\000o\000n\000\040\000o\000f\000\040\000c\000o\000r\000r\000o\000s\000i\000o\000n\000\040\000t\000y\000p\000e\000s}{chapter.5}% 76
\BOOKMARK [2][-]{subsection.5.4.1}{\376\377\000G\000r\000o\000u\000p\000\040\0001\000:\000\040\000c\000o\000r\000r\000o\000s\000i\000o\000n\000\040\000y\000o\000u\000\040\000c\000a\000n\000\040\000s\000e\000e}{section.5.4}% 77
\BOOKMARK [2][-]{subsection.5.4.2}{\376\377\000G\000r\000o\000u\000p\000\040\0002\000:\000\040\000m\000u\000l\000t\000i\000p\000l\000e\000\040\000m\000e\000c\000h\000a\000n\000i\000s\000m\000s}{section.5.4}% 78
\BOOKMARK [2][-]{subsection.5.4.3}{\376\377\000G\000r\000o\000u\000p\000\040\0003\000:\000\040\000m\000i\000c\000r\000o\000s\000c\000o\000p\000e\000\040\000c\000o\000r\000r\000o\000s\000i\000o\000n\000\040\000v\000i\000e\000w\000e\000d\000\040\000b\000y\000\040\000m\000i\000c\000r\000o\000s\000c\000o\000p\000e}{section.5.4}% 79
