 *******************************************************************************
 *                                                                             *
 * CCCCC FFFFF DDDD     AAA  CCCCC EEEEE   SSSS  OOO  L   V       V EEEEE RRR  *
 * C     F     D   D   A   A C     E       S    O   O L    V     V  E     R  R *
 * C     FFFF  D   D = AAAAA C     EEEE  = SSSS O   O L     V   V   EEEE  RRR  *
 * C     F     D   D   A   A C     E          S O   O L      V V    E     R R  *
 * CCCCC F     DDDD    A   A CCCCC EEEEE   SSSS  OOO  LLLLL   V     EEEEE R  R *
 *                                                                             *
 *       Version          : 2020.05.34.186                                     *
 *       Build Date       : 08/25/2020 11:07:12                                *
 *       Build OS         : Windows                                            *
 *       Build OS Release : 10                                                 *
 *       Build OS Version : 10.0.14393                                         *
 *       Build Machine    : HUNVSE019                                          *
 *                                                                             *
 *      Copyright(C) 1994-2020 ESI Software. All Rights Reserved.              *
 *                                                                             *
 *******************************************************************************
 
 
  ===============================================================
     CFD-ACE-SOLVER Run Platform Information :
  ===============================================================
     Run Date           : 11/19/2022 19:16:39
     Run OS             :
     Run OS Release     :
     Run OS Version     :
     Run Machine        : WIN-1
  ===============================================================
  ===============================================================
 
    This simulation is running in double precision serial mode
 
  =====================================
    Summary of Input Information
  =====================================
    Problem has been set up using : CFD-ACE-GUI
  ================
    Model Options
  ================
    Shared
    -------
    Model Name        : AneurysmGEOM4
    Modules           : FLOW
    DTF File Name     : AneurysmGEOM4.DTF
    Simulation Number = 1
    Diagnostic        : OFF
    Geometry          : Two Dimensional Planar
    Iterations        =         4000
    Time Dependence   : Steady
    Output Controls
      Output Start    =            0
      Output End      =     10000000
      Output Interval =         4000
 
  =======================================
    Summary of 2D Grid Data
  =======================================
    Total No. of nodes       =      39592
    No. of line faces        =     117180
    Total No. of faces       =     117180
    No. of tri cells         =      77589
    Total No. of cells       =      77589
 
   ====================================================================
  |                         Summary of Properties                      |
   ====================================================================
  |   Key No.   |  Zone No.  |  VC Name  |  Mat. Type  | No. of Cells  |
   --------------------------------------------------------------------
  |          55 |      1     | NoName    |    Fluid    |     42144     |
   --------------------------------------------------------------------
         | Property Name | Evaluation Method |    Value     |
   ====================================================================
         |       Density |   Constant        |    1.060E+03 |
         |     Viscosity |   Constant_Dyn    |    3.570E-03 |
   ====================================================================
  |   Key No.   |  Zone No.  |  VC Name  |  Mat. Type  | No. of Cells  |
   --------------------------------------------------------------------
  |          58 |      2     | NoName    |    Fluid    |     35445     |
   --------------------------------------------------------------------
         | Property Name | Evaluation Method |    Value     |
   ====================================================================
         |       Density |   Constant        |    1.060E+03 |
         |     Viscosity |   Constant_Dyn    |    3.570E-03 |
   ====================================================================
 
   =============================================================================
  |                       Summary of Solver Control Parameters                  |
   =============================================================================
  | Prop. |  Diff.  |        Solver        |    Relaxation    |      Limits     |
   -----------------------------------------------------------------------------
  |       |         |  Name  |Sweep|Criter.| Inertial| Linear |  Min.  |  Max.  |
   =============================================================================
  |     U |Central  | AMG    |   50|1.0E-02|  1.0E-01|   -    |-1.0E+20| 1.0E+20|
  |     V |Central  | AMG    |   50|1.0E-02|  1.0E-01|   -    |-1.0E+20| 1.0E+20|
  |P-Corr |    -    | AMG    |   10|1.0E-01|  0.00000|   -    |   -    |    -   |
  |     P |    -    |    -   |  -  |   -   |   -     | 1.0E+00|-1.0E+20| 1.0E+20|
  |   Rho |    -    |    -   |  -  |   -   |   -     | 1.0E+00| 1.0E-06| 1.0E+20|
  |    Mu |    -    |    -   |  -  |   -   |   -     | 1.0E+00| 1.0E-10| 1.0E+02|
   =============================================================================
 
 
   =====================================
   Summary of Geometry Data
   =====================================
 
   Smallest Volume   :   3.216323E-10
 
   Largest  Volume   :   2.646122E-09
 
   Smallest Angle    :   3.928241E+01 in zone  0 at face =       398
 
   Location of face number       398 is x =   1.9735E-02 y =  -3.1360E-04 z =   0.0000E+00
 
   =============================
   Start of Iterative Cycle.....
   =============================
 
  Max. Sweeps reached for var = P
  ==================================================
   Outputting Summaries at Iteration #:         4000
  ==================================================
  ========================================
        Total Mass Flow Rate Summary
  ----------------------------------------
  |   Inflow   |   Outflow   |    Sum    |
  ----------------------------------------
   4.29300E-01  -4.29300E-01   1.12265E-08
  ========================================
 
  ==================================================
   End of Outputting Summaries at Iteration #:         4000
  ==================================================
 
   =============================
   End   of Iterative Cycle.....
   =============================
 
 
         Final Time   Elapsed CPU Time=  1.535310E+03 Delta-time=  1.535310E+03
 
         Final Time   Elapsed Wall Clock=  1.535224E+03 Delta-Wall Clock=  1.535224E+03
 
  Normal Termination
