\standalonepreambles
\subpreamble{tex/MECH0007200115.tex}
\usepackage {enumitem}
\endsubpreamble
\subpreamble{tex/MECH0007200116.tex}
\usepackage {enumitem}\usepackage {gensymb}\usepackage {siunitx}\sisetup {detect-all}
\endsubpreamble
\subpreamble{tex/MECH0007200123.tex}
\usepackage {enumitem}\usepackage {gensymb}\usepackage {siunitx}\sisetup {detect-all}
\endsubpreamble
\subpreamble{tex/MECH0007200129.tex}
\usepackage {enumitem}\usepackage {gensymb}\usepackage {siunitx}\sisetup {detect-all}
\endsubpreamble
\subpreamble{tex/MECH0007200205.tex}
\usepackage {enumitem}\usepackage {gensymb}\usepackage {siunitx}\sisetup {detect-all}
\endsubpreamble
\subpreamble{tex/MECH0007200226.tex}
\usepackage {enumitem}\usepackage {gensymb}\usepackage {siunitx}\usepackage {graphicx}\usepackage [labelfont=bf,format=hang,format=plain,margin=0pt,width=0.8\textwidth ,]{caption}\usepackage [list=true]{subcaption}\sisetup {detect-all}
\endsubpreamble
\endstandalonepreambles
