\standalonepreambles
\subpreamble{tex/IntroToBasicFluidConcepts.tex}
\usepackage {enumitem}\usepackage {multicol}\usepackage {etoolbox}\AtBeginEnvironment {quote}{\singlespacing \small }\usepackage {setspace}\onehalfspacing \usepackage {graphicx}\usepackage {float}\usepackage {amsmath}\usepackage {amssymb}\numberwithin {equation}{section}\usepackage {siunitx}\sisetup {detect-all}
\endsubpreamble
\subpreamble{tex/DimensionlessNumbersBuckhinghamPi.tex}
\usepackage {enumitem}\usepackage {multicol}\usepackage {etoolbox}\AtBeginEnvironment {quote}{\singlespacing \small }\usepackage {setspace}\onehalfspacing \usepackage {graphicx}\usepackage {siunitx}\usepackage {amsmath}\sisetup {detect-all}
\endsubpreamble
\subpreamble{tex/MECH0005FluidsLecture3.tex}
\usepackage {enumitem}\usepackage {multicol}\usepackage {etoolbox}\AtBeginEnvironment {quote}{\singlespacing \small }\usepackage {setspace}\onehalfspacing \usepackage {graphicx}\usepackage {float}\usepackage {amsmath}\usepackage {amssymb}\usepackage {siunitx}\sisetup {detect-all}
\endsubpreamble
\subpreamble{tex/MECH0005Fluids4.tex}
\usepackage {enumitem}\usepackage {multicol}\usepackage {etoolbox}\AtBeginEnvironment {quote}{\singlespacing \small }\usepackage {setspace}\onehalfspacing \usepackage {graphicx}\usepackage {float}\usepackage {amsmath}\usepackage {amssymb}\usepackage {mathtools}\usepackage {siunitx}\sisetup {detect-all}
\endsubpreamble
\subpreamble{tex/MECH0005Week6.tex}
\usepackage {enumitem}\usepackage {multicol}\usepackage {etoolbox}\AtBeginEnvironment {quote}{\singlespacing \small }\usepackage {setspace}\onehalfspacing \usepackage {graphicx}\usepackage {float}\usepackage {amsmath}\usepackage {amssymb}\usepackage {mathtools}\usepackage {siunitx}\sisetup {detect-all}
\endsubpreamble
\subpreamble{tex/MECH0005FluidsFormulaSheet.tex}
\usepackage {enumitem}\usepackage {multicol}\usepackage {etoolbox}\AtBeginEnvironment {quote}{\singlespacing \small }\usepackage {setspace}\onehalfspacing \usepackage {graphicx}\usepackage {float}\usepackage {amsmath}\usepackage {amssymb}\usepackage {mathtools}\usepackage {siunitx}\sisetup {detect-all}
\endsubpreamble
\subpreamble{tex/MECH0005Lecture1.tex}
\usepackage {enumitem}\usepackage {multicol}\usepackage {etoolbox}\AtBeginEnvironment {quote}{\singlespacing \small }\usepackage {setspace}\onehalfspacing \usepackage {graphicx}\usepackage {float}\usepackage {amsmath}\usepackage {amssymb}\usepackage {siunitx}\sisetup {detect-all}
\endsubpreamble
\subpreamble{tex/MECH0005Entropy.tex}
\usepackage {enumitem}\usepackage {multicol}\usepackage {etoolbox}\AtBeginEnvironment {quote}{\singlespacing \small }\usepackage {setspace}\onehalfspacing \usepackage {graphicx}\usepackage {float}\usepackage {amsmath}\usepackage {amssymb}\numberwithin {equation}{section}\usepackage {siunitx}\sisetup {detect-all}
\endsubpreamble
\subpreamble{tex/MECH0005GasPowerCycles.tex}
\usepackage {enumitem}\usepackage {multicol}\usepackage {etoolbox}\AtBeginEnvironment {quote}{\singlespacing \small }\usepackage {setspace}\onehalfspacing \usepackage {graphicx}\usepackage {float}\usepackage {amsmath}\usepackage {amssymb}\usepackage {siunitx}\sisetup {detect-all}
\endsubpreamble
\subpreamble{tex/MECH0005VapourPowerCycles.tex}
\usepackage {enumitem}\usepackage {multicol}\usepackage {etoolbox}\AtBeginEnvironment {quote}{\singlespacing \small }\usepackage {setspace}\onehalfspacing \usepackage {graphicx}\usepackage {float}\usepackage {amsmath}\usepackage {amssymb}\usepackage {siunitx}\sisetup {detect-all}
\endsubpreamble
\subpreamble{tex/MECH0005RefrigerationCycles.tex}
\usepackage {enumitem}\usepackage {multicol}\usepackage {etoolbox}\AtBeginEnvironment {quote}{\singlespacing \small }\usepackage {setspace}\onehalfspacing \usepackage {graphicx}\usepackage {float}\usepackage {amsmath}\usepackage {amssymb}\usepackage {siunitx}\sisetup {detect-all}
\endsubpreamble
\endstandalonepreambles
