\standalonepreambles
\subpreamble{tex/MECH0007200115.tex}
\usepackage {enumitem}
\endsubpreamble
\subpreamble{tex/MECH0007200116.tex}
\usepackage {enumitem}\usepackage {gensymb}\usepackage {siunitx}\sisetup {detect-all}
\endsubpreamble
\subpreamble{tex/MECH0007200123.tex}
\usepackage {enumitem}\usepackage {gensymb}\usepackage {siunitx}\sisetup {detect-all}
\endsubpreamble
\subpreamble{tex/MECH0007200129.tex}
\usepackage {enumitem}\usepackage {gensymb}\usepackage {siunitx}\sisetup {detect-all}
\endsubpreamble
\subpreamble{tex/MECH0007200205.tex}
\usepackage {enumitem}\usepackage {gensymb}\usepackage {siunitx}\sisetup {detect-all}
\endsubpreamble
\subpreamble{tex/MECH0007200304.tex}
\usepackage {enumitem}\usepackage {gensymb}\usepackage {siunitx}\usepackage {graphicx}\sisetup {detect-all}
\endsubpreamble
\endstandalonepreambles
