INFO:  latexindent.exe version 3.9.3, 2021-05-07, a script to indent .tex files
       latexindent.exe lives here: C:/texlive/2021/bin/win32/
       Wed Dec 15 18:15:56 2021
       Filename: c:/Users/picku/Documents/GitHub/ME-Latex/MECH0024/FluidMechanicsCoursework/__latexindent_temp.tex
INFO:  Processing switches:
       -y|--yaml: YAML settings specified via command line
       -c|--cruft: cruft directory
INFO:  Directory for backup files and c:/Users/picku/Documents/GitHub/ME-Latex/MECH0026/Tutorials//indent.log: c:/Users/picku/Documents/GitHub/ME-Latex/MECH0026/Tutorials/
INFO:  YAML settings read: defaultSettings.yaml
        Reading defaultSettings.yaml from C:/texlive/2021/bin/win32/defaultSettings.yaml
       Reading defaultSettings.yaml (2nd attempt, TeXLive, Windows) from C:/texlive/2021/bin/win32/../../texmf-dist/scripts/latexindent/defaultSettings.yaml
INFO:  YAML settings read: indentconfig.yaml or .indentconfig.yaml
       Home directory is C:\Users\picku (didn't find either indentconfig.yaml or .indentconfig.yaml)
       To specify user settings you would put indentconfig.yaml here: C:\Users\picku/indentconfig.yaml
       Alternatively, you can use the hidden file .indentconfig.yaml as: C:\Users\picku/.indentconfig.yaml
INFO:  YAML settings read: -y switch
       YAML setting: defaultIndent:'    '
       Updating masterSettings with defaultIndent:     
INFO:  Phase 1: searching for objects
INFO:  Phase 2: finding surrounding indentation
INFO:  Phase 3: indenting objects
INFO:  Phase 4: final indentation check
INFO:  Output routine:
       Not outputting to file; see -w and -o switches for more options.
       --------------
INFO:  Please direct all communication/issues to:
        https://github.com/cmhughes/latexindent.pl
